This is pdfTeX, Version 3.141592653-2.6-1.40.25 (MiKTeX 24.1) (preloaded format=pdflatex 2024.2.3)  21 AUG 2024 17:12
entering extended mode
 restricted \write18 enabled.
 file:line:error style messages enabled.
 %&-line parsing enabled.
**"c:/Users/utente/IdeaProjects/Progetto_B_MVN/doc/Manuali Progetto/src/Manuale Utente/Manuale Utente.tex"
(c:/Users/utente/IdeaProjects/Progetto_B_MVN/doc/Manuali Progetto/src/Manuale Utente/Manuale Utente.tex
LaTeX2e <2023-11-01> patch level 1
L3 programming layer <2024-01-22>
(C:\Users\utente\AppData\Local\Programs\MiKTeX\tex/latex/base\fix-cm.sty
Package: fix-cm 2020/11/24 v1.1t fixes to LaTeX
 (C:\Users\utente\AppData\Local\Programs\MiKTeX\tex/latex/base\ts1enc.def
File: ts1enc.def 2001/06/05 v3.0e (jk/car/fm) Standard LaTeX file
LaTeX Font Info:    Redeclaring font encoding TS1 on input line 47.
)) (C:\Users\utente\AppData\Local\Programs\MiKTeX\tex/latex/base\article.cls
Document Class: article 2023/05/17 v1.4n Standard LaTeX document class
(C:\Users\utente\AppData\Local\Programs\MiKTeX\tex/latex/base\size10.clo
File: size10.clo 2023/05/17 v1.4n Standard LaTeX file (size option)
)
\c@part=\count187
\c@section=\count188
\c@subsection=\count189
\c@subsubsection=\count190
\c@paragraph=\count191
\c@subparagraph=\count192
\c@figure=\count193
\c@table=\count194
\abovecaptionskip=\skip48
\belowcaptionskip=\skip49
\bibindent=\dimen140
) (C:\Users\utente\AppData\Local\Programs\MiKTeX\tex/latex/graphics\graphicx.sty
Package: graphicx 2021/09/16 v1.2d Enhanced LaTeX Graphics (DPC,SPQR)
 (C:\Users\utente\AppData\Local\Programs\MiKTeX\tex/latex/graphics\keyval.sty
Package: keyval 2022/05/29 v1.15 key=value parser (DPC)
\KV@toks@=\toks17
) (C:\Users\utente\AppData\Local\Programs\MiKTeX\tex/latex/graphics\graphics.sty
Package: graphics 2022/03/10 v1.4e Standard LaTeX Graphics (DPC,SPQR)
 (C:\Users\utente\AppData\Local\Programs\MiKTeX\tex/latex/graphics\trig.sty
Package: trig 2021/08/11 v1.11 sin cos tan (DPC)
) (C:\Users\utente\AppData\Local\Programs\MiKTeX\tex/latex/graphics-cfg\graphics.cfg
File: graphics.cfg 2016/06/04 v1.11 sample graphics configuration
)
Package graphics Info: Driver file: pdftex.def on input line 107.
 (C:\Users\utente\AppData\Local\Programs\MiKTeX\tex/latex/graphics-def\pdftex.def
File: pdftex.def 2022/09/22 v1.2b Graphics/color driver for pdftex
))
\Gin@req@height=\dimen141
\Gin@req@width=\dimen142
) (C:\Users\utente\AppData\Local\Programs\MiKTeX\tex/latex/xcolor\xcolor.sty
Package: xcolor 2023/11/15 v3.01 LaTeX color extensions (UK)
 (C:\Users\utente\AppData\Local\Programs\MiKTeX\tex/latex/graphics-cfg\color.cfg
File: color.cfg 2016/01/02 v1.6 sample color configuration
)
Package xcolor Info: Driver file: pdftex.def on input line 274.
 (C:\Users\utente\AppData\Local\Programs\MiKTeX\tex/latex/graphics\mathcolor.ltx)
Package xcolor Info: Model `cmy' substituted by `cmy0' on input line 1350.
Package xcolor Info: Model `hsb' substituted by `rgb' on input line 1354.
Package xcolor Info: Model `RGB' extended on input line 1366.
Package xcolor Info: Model `HTML' substituted by `rgb' on input line 1368.
Package xcolor Info: Model `Hsb' substituted by `hsb' on input line 1369.
Package xcolor Info: Model `tHsb' substituted by `hsb' on input line 1370.
Package xcolor Info: Model `HSB' substituted by `hsb' on input line 1371.
Package xcolor Info: Model `Gray' substituted by `gray' on input line 1372.
Package xcolor Info: Model `wave' substituted by `hsb' on input line 1373.
) (C:\Users\utente\AppData\Local\Programs\MiKTeX\tex/latex/background\background.sty
Package: background 2014/03/04 v2.1 background material
 (C:\Users\utente\AppData\Local\Programs\MiKTeX\tex/latex/xkeyval\xkeyval.sty
Package: xkeyval 2022/06/16 v2.9 package option processing (HA)
 (C:\Users\utente\AppData\Local\Programs\MiKTeX\tex/generic/xkeyval\xkeyval.tex (C:\Users\utente\AppData\Local\Programs\MiKTeX\tex/generic/xkeyval\xkvutils.tex
\XKV@toks=\toks18
\XKV@tempa@toks=\toks19
)
\XKV@depth=\count195
File: xkeyval.tex 2014/12/03 v2.7a key=value parser (HA)
)) (C:\Users\utente\AppData\Local\Programs\MiKTeX\tex/latex/pgf/frontendlayer\tikz.sty (C:\Users\utente\AppData\Local\Programs\MiKTeX\tex/latex/pgf/basiclayer\pgf.sty (C:\Users\utente\AppData\Local\Programs\MiKTeX\tex/latex/pgf/utilities\pgfrcs.sty (C:\Users\utente\AppData\Local\Programs\MiKTeX\tex/generic/pgf/utilities\pgfutil-common.tex
\pgfutil@everybye=\toks20
\pgfutil@tempdima=\dimen143
\pgfutil@tempdimb=\dimen144
) (C:\Users\utente\AppData\Local\Programs\MiKTeX\tex/generic/pgf/utilities\pgfutil-latex.def
\pgfutil@abb=\box51
) (C:\Users\utente\AppData\Local\Programs\MiKTeX\tex/generic/pgf/utilities\pgfrcs.code.tex (C:\Users\utente\AppData\Local\Programs\MiKTeX\tex/generic/pgf\pgf.revision.tex)
Package: pgfrcs 2023-01-15 v3.1.10 (3.1.10)
))
Package: pgf 2023-01-15 v3.1.10 (3.1.10)
 (C:\Users\utente\AppData\Local\Programs\MiKTeX\tex/latex/pgf/basiclayer\pgfcore.sty (C:\Users\utente\AppData\Local\Programs\MiKTeX\tex/latex/pgf/systemlayer\pgfsys.sty (C:\Users\utente\AppData\Local\Programs\MiKTeX\tex/generic/pgf/systemlayer\pgfsys.code.tex
Package: pgfsys 2023-01-15 v3.1.10 (3.1.10)
 (C:\Users\utente\AppData\Local\Programs\MiKTeX\tex/generic/pgf/utilities\pgfkeys.code.tex
\pgfkeys@pathtoks=\toks21
\pgfkeys@temptoks=\toks22
 (C:\Users\utente\AppData\Local\Programs\MiKTeX\tex/generic/pgf/utilities\pgfkeyslibraryfiltered.code.tex
\pgfkeys@tmptoks=\toks23
))
\pgf@x=\dimen145
\pgf@y=\dimen146
\pgf@xa=\dimen147
\pgf@ya=\dimen148
\pgf@xb=\dimen149
\pgf@yb=\dimen150
\pgf@xc=\dimen151
\pgf@yc=\dimen152
\pgf@xd=\dimen153
\pgf@yd=\dimen154
\w@pgf@writea=\write3
\r@pgf@reada=\read2
\c@pgf@counta=\count196
\c@pgf@countb=\count197
\c@pgf@countc=\count198
\c@pgf@countd=\count199
\t@pgf@toka=\toks24
\t@pgf@tokb=\toks25
\t@pgf@tokc=\toks26
\pgf@sys@id@count=\count266
 (C:\Users\utente\AppData\Local\Programs\MiKTeX\tex/generic/pgf/systemlayer\pgf.cfg
File: pgf.cfg 2023-01-15 v3.1.10 (3.1.10)
)
Driver file for pgf: pgfsys-pdftex.def
 (C:\Users\utente\AppData\Local\Programs\MiKTeX\tex/generic/pgf/systemlayer\pgfsys-pdftex.def
File: pgfsys-pdftex.def 2023-01-15 v3.1.10 (3.1.10)
 (C:\Users\utente\AppData\Local\Programs\MiKTeX\tex/generic/pgf/systemlayer\pgfsys-common-pdf.def
File: pgfsys-common-pdf.def 2023-01-15 v3.1.10 (3.1.10)
))) (C:\Users\utente\AppData\Local\Programs\MiKTeX\tex/generic/pgf/systemlayer\pgfsyssoftpath.code.tex
File: pgfsyssoftpath.code.tex 2023-01-15 v3.1.10 (3.1.10)
\pgfsyssoftpath@smallbuffer@items=\count267
\pgfsyssoftpath@bigbuffer@items=\count268
) (C:\Users\utente\AppData\Local\Programs\MiKTeX\tex/generic/pgf/systemlayer\pgfsysprotocol.code.tex
File: pgfsysprotocol.code.tex 2023-01-15 v3.1.10 (3.1.10)
)) (C:\Users\utente\AppData\Local\Programs\MiKTeX\tex/generic/pgf/basiclayer\pgfcore.code.tex
Package: pgfcore 2023-01-15 v3.1.10 (3.1.10)
 (C:\Users\utente\AppData\Local\Programs\MiKTeX\tex/generic/pgf/math\pgfmath.code.tex (C:\Users\utente\AppData\Local\Programs\MiKTeX\tex/generic/pgf/math\pgfmathutil.code.tex) (C:\Users\utente\AppData\Local\Programs\MiKTeX\tex/generic/pgf/math\pgfmathparser.code.tex
\pgfmath@dimen=\dimen155
\pgfmath@count=\count269
\pgfmath@box=\box52
\pgfmath@toks=\toks27
\pgfmath@stack@operand=\toks28
\pgfmath@stack@operation=\toks29
) (C:\Users\utente\AppData\Local\Programs\MiKTeX\tex/generic/pgf/math\pgfmathfunctions.code.tex) (C:\Users\utente\AppData\Local\Programs\MiKTeX\tex/generic/pgf/math\pgfmathfunctions.basic.code.tex) (C:\Users\utente\AppData\Local\Programs\MiKTeX\tex/generic/pgf/math\pgfmathfunctions.trigonometric.code.tex) (C:\Users\utente\AppData\Local\Programs\MiKTeX\tex/generic/pgf/math\pgfmathfunctions.random.code.tex) (C:\Users\utente\AppData\Local\Programs\MiKTeX\tex/generic/pgf/math\pgfmathfunctions.comparison.code.tex) (C:\Users\utente\AppData\Local\Programs\MiKTeX\tex/generic/pgf/math\pgfmathfunctions.base.code.tex) (C:\Users\utente\AppData\Local\Programs\MiKTeX\tex/generic/pgf/math\pgfmathfunctions.round.code.tex) (C:\Users\utente\AppData\Local\Programs\MiKTeX\tex/generic/pgf/math\pgfmathfunctions.misc.code.tex) (C:\Users\utente\AppData\Local\Programs\MiKTeX\tex/generic/pgf/math\pgfmathfunctions.integerarithmetics.code.tex) (C:\Users\utente\AppData\Local\Programs\MiKTeX\tex/generic/pgf/math\pgfmathcalc.code.tex) (C:\Users\utente\AppData\Local\Programs\MiKTeX\tex/generic/pgf/math\pgfmathfloat.code.tex
\c@pgfmathroundto@lastzeros=\count270
)) (C:\Users\utente\AppData\Local\Programs\MiKTeX\tex/generic/pgf/math\pgfint.code.tex) (C:\Users\utente\AppData\Local\Programs\MiKTeX\tex/generic/pgf/basiclayer\pgfcorepoints.code.tex
File: pgfcorepoints.code.tex 2023-01-15 v3.1.10 (3.1.10)
\pgf@picminx=\dimen156
\pgf@picmaxx=\dimen157
\pgf@picminy=\dimen158
\pgf@picmaxy=\dimen159
\pgf@pathminx=\dimen160
\pgf@pathmaxx=\dimen161
\pgf@pathminy=\dimen162
\pgf@pathmaxy=\dimen163
\pgf@xx=\dimen164
\pgf@xy=\dimen165
\pgf@yx=\dimen166
\pgf@yy=\dimen167
\pgf@zx=\dimen168
\pgf@zy=\dimen169
) (C:\Users\utente\AppData\Local\Programs\MiKTeX\tex/generic/pgf/basiclayer\pgfcorepathconstruct.code.tex
File: pgfcorepathconstruct.code.tex 2023-01-15 v3.1.10 (3.1.10)
\pgf@path@lastx=\dimen170
\pgf@path@lasty=\dimen171
) (C:\Users\utente\AppData\Local\Programs\MiKTeX\tex/generic/pgf/basiclayer\pgfcorepathusage.code.tex
File: pgfcorepathusage.code.tex 2023-01-15 v3.1.10 (3.1.10)
\pgf@shorten@end@additional=\dimen172
\pgf@shorten@start@additional=\dimen173
) (C:\Users\utente\AppData\Local\Programs\MiKTeX\tex/generic/pgf/basiclayer\pgfcorescopes.code.tex
File: pgfcorescopes.code.tex 2023-01-15 v3.1.10 (3.1.10)
\pgfpic=\box53
\pgf@hbox=\box54
\pgf@layerbox@main=\box55
\pgf@picture@serial@count=\count271
) (C:\Users\utente\AppData\Local\Programs\MiKTeX\tex/generic/pgf/basiclayer\pgfcoregraphicstate.code.tex
File: pgfcoregraphicstate.code.tex 2023-01-15 v3.1.10 (3.1.10)
\pgflinewidth=\dimen174
) (C:\Users\utente\AppData\Local\Programs\MiKTeX\tex/generic/pgf/basiclayer\pgfcoretransformations.code.tex
File: pgfcoretransformations.code.tex 2023-01-15 v3.1.10 (3.1.10)
\pgf@pt@x=\dimen175
\pgf@pt@y=\dimen176
\pgf@pt@temp=\dimen177
) (C:\Users\utente\AppData\Local\Programs\MiKTeX\tex/generic/pgf/basiclayer\pgfcorequick.code.tex
File: pgfcorequick.code.tex 2023-01-15 v3.1.10 (3.1.10)
) (C:\Users\utente\AppData\Local\Programs\MiKTeX\tex/generic/pgf/basiclayer\pgfcoreobjects.code.tex
File: pgfcoreobjects.code.tex 2023-01-15 v3.1.10 (3.1.10)
) (C:\Users\utente\AppData\Local\Programs\MiKTeX\tex/generic/pgf/basiclayer\pgfcorepathprocessing.code.tex
File: pgfcorepathprocessing.code.tex 2023-01-15 v3.1.10 (3.1.10)
) (C:\Users\utente\AppData\Local\Programs\MiKTeX\tex/generic/pgf/basiclayer\pgfcorearrows.code.tex
File: pgfcorearrows.code.tex 2023-01-15 v3.1.10 (3.1.10)
\pgfarrowsep=\dimen178
) (C:\Users\utente\AppData\Local\Programs\MiKTeX\tex/generic/pgf/basiclayer\pgfcoreshade.code.tex
File: pgfcoreshade.code.tex 2023-01-15 v3.1.10 (3.1.10)
\pgf@max=\dimen179
\pgf@sys@shading@range@num=\count272
\pgf@shadingcount=\count273
) (C:\Users\utente\AppData\Local\Programs\MiKTeX\tex/generic/pgf/basiclayer\pgfcoreimage.code.tex
File: pgfcoreimage.code.tex 2023-01-15 v3.1.10 (3.1.10)
) (C:\Users\utente\AppData\Local\Programs\MiKTeX\tex/generic/pgf/basiclayer\pgfcoreexternal.code.tex
File: pgfcoreexternal.code.tex 2023-01-15 v3.1.10 (3.1.10)
\pgfexternal@startupbox=\box56
) (C:\Users\utente\AppData\Local\Programs\MiKTeX\tex/generic/pgf/basiclayer\pgfcorelayers.code.tex
File: pgfcorelayers.code.tex 2023-01-15 v3.1.10 (3.1.10)
) (C:\Users\utente\AppData\Local\Programs\MiKTeX\tex/generic/pgf/basiclayer\pgfcoretransparency.code.tex
File: pgfcoretransparency.code.tex 2023-01-15 v3.1.10 (3.1.10)
) (C:\Users\utente\AppData\Local\Programs\MiKTeX\tex/generic/pgf/basiclayer\pgfcorepatterns.code.tex
File: pgfcorepatterns.code.tex 2023-01-15 v3.1.10 (3.1.10)
) (C:\Users\utente\AppData\Local\Programs\MiKTeX\tex/generic/pgf/basiclayer\pgfcorerdf.code.tex
File: pgfcorerdf.code.tex 2023-01-15 v3.1.10 (3.1.10)
))) (C:\Users\utente\AppData\Local\Programs\MiKTeX\tex/generic/pgf/modules\pgfmoduleshapes.code.tex
File: pgfmoduleshapes.code.tex 2023-01-15 v3.1.10 (3.1.10)
\pgfnodeparttextbox=\box57
) (C:\Users\utente\AppData\Local\Programs\MiKTeX\tex/generic/pgf/modules\pgfmoduleplot.code.tex
File: pgfmoduleplot.code.tex 2023-01-15 v3.1.10 (3.1.10)
) (C:\Users\utente\AppData\Local\Programs\MiKTeX\tex/latex/pgf/compatibility\pgfcomp-version-0-65.sty
Package: pgfcomp-version-0-65 2023-01-15 v3.1.10 (3.1.10)
\pgf@nodesepstart=\dimen180
\pgf@nodesepend=\dimen181
) (C:\Users\utente\AppData\Local\Programs\MiKTeX\tex/latex/pgf/compatibility\pgfcomp-version-1-18.sty
Package: pgfcomp-version-1-18 2023-01-15 v3.1.10 (3.1.10)
)) (C:\Users\utente\AppData\Local\Programs\MiKTeX\tex/latex/pgf/utilities\pgffor.sty (C:\Users\utente\AppData\Local\Programs\MiKTeX\tex/latex/pgf/utilities\pgfkeys.sty (C:\Users\utente\AppData\Local\Programs\MiKTeX\tex/generic/pgf/utilities\pgfkeys.code.tex)) (C:\Users\utente\AppData\Local\Programs\MiKTeX\tex/latex/pgf/math\pgfmath.sty (C:\Users\utente\AppData\Local\Programs\MiKTeX\tex/generic/pgf/math\pgfmath.code.tex)) (C:\Users\utente\AppData\Local\Programs\MiKTeX\tex/generic/pgf/utilities\pgffor.code.tex
Package: pgffor 2023-01-15 v3.1.10 (3.1.10)
\pgffor@iter=\dimen182
\pgffor@skip=\dimen183
\pgffor@stack=\toks30
\pgffor@toks=\toks31
)) (C:\Users\utente\AppData\Local\Programs\MiKTeX\tex/generic/pgf/frontendlayer/tikz\tikz.code.tex
Package: tikz 2023-01-15 v3.1.10 (3.1.10)
 (C:\Users\utente\AppData\Local\Programs\MiKTeX\tex/generic/pgf/libraries\pgflibraryplothandlers.code.tex
File: pgflibraryplothandlers.code.tex 2023-01-15 v3.1.10 (3.1.10)
\pgf@plot@mark@count=\count274
\pgfplotmarksize=\dimen184
)
\tikz@lastx=\dimen185
\tikz@lasty=\dimen186
\tikz@lastxsaved=\dimen187
\tikz@lastysaved=\dimen188
\tikz@lastmovetox=\dimen189
\tikz@lastmovetoy=\dimen190
\tikzleveldistance=\dimen191
\tikzsiblingdistance=\dimen192
\tikz@figbox=\box58
\tikz@figbox@bg=\box59
\tikz@tempbox=\box60
\tikz@tempbox@bg=\box61
\tikztreelevel=\count275
\tikznumberofchildren=\count276
\tikznumberofcurrentchild=\count277
\tikz@fig@count=\count278
 (C:\Users\utente\AppData\Local\Programs\MiKTeX\tex/generic/pgf/modules\pgfmodulematrix.code.tex
File: pgfmodulematrix.code.tex 2023-01-15 v3.1.10 (3.1.10)
\pgfmatrixcurrentrow=\count279
\pgfmatrixcurrentcolumn=\count280
\pgf@matrix@numberofcolumns=\count281
)
\tikz@expandcount=\count282
 (C:\Users\utente\AppData\Local\Programs\MiKTeX\tex/generic/pgf/frontendlayer/tikz/libraries\tikzlibrarytopaths.code.tex
File: tikzlibrarytopaths.code.tex 2023-01-15 v3.1.10 (3.1.10)
))) (C:\Users\utente\AppData\Local\Programs\MiKTeX\tex/latex/everypage\everypage.sty
Package: everypage 2020/10/17 R2.0b Hooks to run on every page


Package everypage Warning: Functionality similar to this package has recently
(everypage)                been implemented in LaTeX. This package is now in
(everypage)                legacy status.
(everypage)                Please, don't use it in new documents and packages.


Package everypage Warning: You appear to be running a version of LaTeX
(everypage)                providing the new functionality.
(everypage)                Doing the best to deliver the original `everypage`
(everypage)                interface on top of it. Strict equivalence is
(everypage)                not possible, breakage may occur.
(everypage)                If truly needed, Use `everypage-1x` to force the
(everypage)                loading of an older code base.

) (C:\Users\utente\AppData\Local\Programs\MiKTeX\tex/latex/tools\afterpage.sty
Package: afterpage 2023/07/04 v1.08 After-Page Package (DPC)
\AP@output=\toks32
\AP@partial=\box62
\AP@footins=\box63
)) (C:\Users\utente\AppData\Local\Programs\MiKTeX\tex/latex/float\float.sty
Package: float 2001/11/08 v1.3d Float enhancements (AL)
\c@float@type=\count283
\float@exts=\toks33
\float@box=\box64
\@float@everytoks=\toks34
\@floatcapt=\box65
) (C:\Users\utente\AppData\Local\Programs\MiKTeX\tex/latex/eso-pic\eso-pic.sty
Package: eso-pic 2023/05/03 v3.0c eso-pic (RN)
\ESO@tempdima=\dimen193
\ESO@tempdimb=\dimen194
) (C:\Users\utente\AppData\Local\Programs\MiKTeX\tex/latex/hyperref\hyperref.sty
Package: hyperref 2024-01-20 v7.01h Hypertext links for LaTeX
 (C:\Users\utente\AppData\Local\Programs\MiKTeX\tex/generic/iftex\iftex.sty
Package: iftex 2022/02/03 v1.0f TeX engine tests
) (C:\Users\utente\AppData\Local\Programs\MiKTeX\tex/latex/kvsetkeys\kvsetkeys.sty
Package: kvsetkeys 2022-10-05 v1.19 Key value parser (HO)
) (C:\Users\utente\AppData\Local\Programs\MiKTeX\tex/generic/kvdefinekeys\kvdefinekeys.sty
Package: kvdefinekeys 2019-12-19 v1.6 Define keys (HO)
) (C:\Users\utente\AppData\Local\Programs\MiKTeX\tex/generic/pdfescape\pdfescape.sty
Package: pdfescape 2019/12/09 v1.15 Implements pdfTeX's escape features (HO)
 (C:\Users\utente\AppData\Local\Programs\MiKTeX\tex/generic/ltxcmds\ltxcmds.sty
Package: ltxcmds 2023-12-04 v1.26 LaTeX kernel commands for general use (HO)
) (C:\Users\utente\AppData\Local\Programs\MiKTeX\tex/generic/pdftexcmds\pdftexcmds.sty
Package: pdftexcmds 2020-06-27 v0.33 Utility functions of pdfTeX for LuaTeX (HO)
 (C:\Users\utente\AppData\Local\Programs\MiKTeX\tex/generic/infwarerr\infwarerr.sty
Package: infwarerr 2019/12/03 v1.5 Providing info/warning/error messages (HO)
)
Package pdftexcmds Info: \pdf@primitive is available.
Package pdftexcmds Info: \pdf@ifprimitive is available.
Package pdftexcmds Info: \pdfdraftmode found.
)) (C:\Users\utente\AppData\Local\Programs\MiKTeX\tex/latex/hycolor\hycolor.sty
Package: hycolor 2020-01-27 v1.10 Color options for hyperref/bookmark (HO)
) (C:\Users\utente\AppData\Local\Programs\MiKTeX\tex/latex/auxhook\auxhook.sty
Package: auxhook 2019-12-17 v1.6 Hooks for auxiliary files (HO)
) (C:\Users\utente\AppData\Local\Programs\MiKTeX\tex/latex/hyperref\nameref.sty
Package: nameref 2023-11-26 v2.56 Cross-referencing by name of section
 (C:\Users\utente\AppData\Local\Programs\MiKTeX\tex/latex/refcount\refcount.sty
Package: refcount 2019/12/15 v3.6 Data extraction from label references (HO)
) (C:\Users\utente\AppData\Local\Programs\MiKTeX\tex/generic/gettitlestring\gettitlestring.sty
Package: gettitlestring 2019/12/15 v1.6 Cleanup title references (HO)
 (C:\Users\utente\AppData\Local\Programs\MiKTeX\tex/latex/kvoptions\kvoptions.sty
Package: kvoptions 2022-06-15 v3.15 Key value format for package options (HO)
))
\c@section@level=\count284
) (C:\Users\utente\AppData\Local\Programs\MiKTeX\tex/latex/etoolbox\etoolbox.sty
Package: etoolbox 2020/10/05 v2.5k e-TeX tools for LaTeX (JAW)
\etb@tempcnta=\count285
)
\@linkdim=\dimen195
\Hy@linkcounter=\count286
\Hy@pagecounter=\count287
 (C:\Users\utente\AppData\Local\Programs\MiKTeX\tex/latex/hyperref\pd1enc.def
File: pd1enc.def 2024-01-20 v7.01h Hyperref: PDFDocEncoding definition (HO)
Now handling font encoding PD1 ...
... no UTF-8 mapping file for font encoding PD1
) (C:\Users\utente\AppData\Local\Programs\MiKTeX\tex/generic/intcalc\intcalc.sty
Package: intcalc 2019/12/15 v1.3 Expandable calculations with integers (HO)
)
\Hy@SavedSpaceFactor=\count288
 (C:\Users\utente\AppData\Local\Programs\MiKTeX\tex/latex/hyperref\puenc.def
File: puenc.def 2024-01-20 v7.01h Hyperref: PDF Unicode definition (HO)
Now handling font encoding PU ...
... no UTF-8 mapping file for font encoding PU
)
Package hyperref Info: Hyper figures OFF on input line 4179.
Package hyperref Info: Link nesting OFF on input line 4184.
Package hyperref Info: Hyper index ON on input line 4187.
Package hyperref Info: Plain pages OFF on input line 4194.
Package hyperref Info: Backreferencing OFF on input line 4199.
Package hyperref Info: Implicit mode ON; LaTeX internals redefined.
Package hyperref Info: Bookmarks ON on input line 4446.
\c@Hy@tempcnt=\count289
 (C:\Users\utente\AppData\Local\Programs\MiKTeX\tex/latex/url\url.sty
\Urlmuskip=\muskip16
Package: url 2013/09/16  ver 3.4  Verb mode for urls, etc.
)
LaTeX Info: Redefining \url on input line 4784.
\XeTeXLinkMargin=\dimen196
 (C:\Users\utente\AppData\Local\Programs\MiKTeX\tex/generic/bitset\bitset.sty
Package: bitset 2019/12/09 v1.3 Handle bit-vector datatype (HO)
 (C:\Users\utente\AppData\Local\Programs\MiKTeX\tex/generic/bigintcalc\bigintcalc.sty
Package: bigintcalc 2019/12/15 v1.5 Expandable calculations on big integers (HO)
))
\Fld@menulength=\count290
\Field@Width=\dimen197
\Fld@charsize=\dimen198
Package hyperref Info: Hyper figures OFF on input line 6063.
Package hyperref Info: Link nesting OFF on input line 6068.
Package hyperref Info: Hyper index ON on input line 6071.
Package hyperref Info: backreferencing OFF on input line 6078.
Package hyperref Info: Link coloring OFF on input line 6083.
Package hyperref Info: Link coloring with OCG OFF on input line 6088.
Package hyperref Info: PDF/A mode OFF on input line 6093.
 (C:\Users\utente\AppData\Local\Programs\MiKTeX\tex/latex/base\atbegshi-ltx.sty
Package: atbegshi-ltx 2021/01/10 v1.0c Emulation of the original atbegshi
package with kernel methods
)
\Hy@abspage=\count291
\c@Item=\count292
\c@Hfootnote=\count293
)
Package hyperref Info: Driver (autodetected): hpdftex.
 (C:\Users\utente\AppData\Local\Programs\MiKTeX\tex/latex/hyperref\hpdftex.def
File: hpdftex.def 2024-01-20 v7.01h Hyperref driver for pdfTeX
 (C:\Users\utente\AppData\Local\Programs\MiKTeX\tex/latex/base\atveryend-ltx.sty
Package: atveryend-ltx 2020/08/19 v1.0a Emulation of the original atveryend package
with kernel methods
)
\Fld@listcount=\count294
\c@bookmark@seq@number=\count295
 (C:\Users\utente\AppData\Local\Programs\MiKTeX\tex/latex/rerunfilecheck\rerunfilecheck.sty
Package: rerunfilecheck 2022-07-10 v1.10 Rerun checks for auxiliary files (HO)
 (C:\Users\utente\AppData\Local\Programs\MiKTeX\tex/generic/uniquecounter\uniquecounter.sty
Package: uniquecounter 2019/12/15 v1.4 Provide unlimited unique counter (HO)
)
Package uniquecounter Info: New unique counter `rerunfilecheck' on input line 285.
)
\Hy@SectionHShift=\skip50
) (C:\Users\utente\AppData\Local\Programs\MiKTeX\tex/latex/l3backend\l3backend-pdftex.def
File: l3backend-pdftex.def 2024-01-04 L3 backend support: PDF output (pdfTeX)
\l__color_backend_stack_int=\count296
\l__pdf_internal_box=\box66
) (Manuale Utente.aux)
\openout1 = `"Manuale Utente.aux"'.

LaTeX Font Info:    Checking defaults for OML/cmm/m/it on input line 32.
LaTeX Font Info:    ... okay on input line 32.
LaTeX Font Info:    Checking defaults for OMS/cmsy/m/n on input line 32.
LaTeX Font Info:    ... okay on input line 32.
LaTeX Font Info:    Checking defaults for OT1/cmr/m/n on input line 32.
LaTeX Font Info:    ... okay on input line 32.
LaTeX Font Info:    Checking defaults for T1/cmr/m/n on input line 32.
LaTeX Font Info:    ... okay on input line 32.
LaTeX Font Info:    Checking defaults for TS1/cmr/m/n on input line 32.
LaTeX Font Info:    ... okay on input line 32.
LaTeX Font Info:    Checking defaults for OMX/cmex/m/n on input line 32.
LaTeX Font Info:    ... okay on input line 32.
LaTeX Font Info:    Checking defaults for U/cmr/m/n on input line 32.
LaTeX Font Info:    ... okay on input line 32.
LaTeX Font Info:    Checking defaults for PD1/pdf/m/n on input line 32.
LaTeX Font Info:    ... okay on input line 32.
LaTeX Font Info:    Checking defaults for PU/pdf/m/n on input line 32.
LaTeX Font Info:    ... okay on input line 32.
 (C:\Users\utente\AppData\Local\Programs\MiKTeX\tex/context/base/mkii\supp-pdf.mkii
[Loading MPS to PDF converter (version 2006.09.02).]
\scratchcounter=\count297
\scratchdimen=\dimen199
\scratchbox=\box67
\nofMPsegments=\count298
\nofMParguments=\count299
\everyMPshowfont=\toks35
\MPscratchCnt=\count300
\MPscratchDim=\dimen256
\MPnumerator=\count301
\makeMPintoPDFobject=\count302
\everyMPtoPDFconversion=\toks36
) (C:\Users\utente\AppData\Local\Programs\MiKTeX\tex/latex/epstopdf-pkg\epstopdf-base.sty
Package: epstopdf-base 2020-01-24 v2.11 Base part for package epstopdf
Package epstopdf-base Info: Redefining graphics rule for `.eps' on input line 485.
 (C:\Users\utente\AppData\Local\Programs\MiKTeX\tex/latex/00miktex\epstopdf-sys.cfg
File: epstopdf-sys.cfg 2021/03/18 v2.0 Configuration of epstopdf for MiKTeX
))
Package hyperref Info: Link coloring OFF on input line 32.
 (Manuale Utente.out) (Manuale Utente.out)
\@outlinefile=\write4
\openout4 = `"Manuale Utente.out"'.

<../../img/firstpage_background.png, id=62, 594.585pt x 833.295pt>
File: ../../img/firstpage_background.png Graphic file (type png)
<use ../../img/firstpage_background.png>
Package pdftex.def Info: ../../img/firstpage_background.png  used on input line 37.
(pdftex.def)             Requested size: 567.26585pt x 795.00795pt.
 [1{C:/Users/utente/AppData/Local/MiKTeX/fonts/map/pdftex/pdftex.map}

 <../../img/firstpage_background.png>] (Manuale Utente.toc
LaTeX Font Info:    External font `cmex10' loaded for size
(Font)              <7> on input line 3.
LaTeX Font Info:    External font `cmex10' loaded for size
(Font)              <5> on input line 3.
)
\tf@toc=\write5
\openout5 = `"Manuale Utente.toc"'.

 (Manuale Utente.lof)
\tf@lof=\write6
\openout6 = `"Manuale Utente.lof"'.


pdfTeX warning (ext4): destination with the same identifier (name{page.1}) has been already used, duplicate ignored
<to be read again> 
                   \relax 
l.50 \clearpage
               
<../../img/number page.png, id=107, 651.43375pt x 602.25pt>
File: ../../img/number page.png Graphic file (type png)
<use ../../img/number page.png>
Package pdftex.def Info: ../../img/number page.png  used on input line 50.
(pdftex.def)             Requested size: 42.6727pt x 42.67642pt.
 [1

 <../../img/number page.png>] (Introduzione.tex) (Installazione.tex) (Esecuzione ed Uso.tex
Overfull \hbox (6.64587pt too wide) in paragraph at lines 9--2
\OT1/cmr/m/n/10 Scaricare la cartella ZIP de-nom-i-nata \Tet-ta-manti[]745387" ed es-trarla. All'interno
 []

(Avviare l'App sub.tex
Overfull \hbox (59.24237pt too wide) in paragraph at lines 5--6
\OML/cmm/m/it/10 C \OT1/cmr/m/n/10 : \OML/cmm/m/it/10 =ProgramFiles=Tettamanti[]\OT1/cmr/m/n/10 745387\OML/cmm/m/it/10 =JarFIle=artifacts=ClimateMonitoringJar$\OT1/cmr/m/n/10 ; 
 []


Overfull \hbox (78.46458pt too wide) in paragraph at lines 9--11
\OML/cmm/m/it/10 C \OT1/cmr/m/n/10 : \OML/cmm/m/it/10 =ProgramFiles=Tettamanti[]\OT1/cmr/m/n/10 745387\OML/cmm/m/it/10 =JarFIle=artifacts=ClimateMonitoringJar$
 []

File: ../../img/number page.png Graphic file (type png)
<use ../../img/number page.png>
Package pdftex.def Info: ../../img/number page.png  used on input line 16.
(pdftex.def)             Requested size: 42.6727pt x 42.67642pt.
[2

]) (Home sub.tex
<../../img/schermata_home.png, id=144, 680.5425pt x 381.22424pt>
File: ../../img/schermata_home.png Graphic file (type png)
<use ../../img/schermata_home.png>
Package pdftex.def Info: ../../img/schermata_home.png  used on input line 5.
(pdftex.def)             Requested size: 345.0pt x 193.25839pt.

Overfull \hbox (40.03632pt too wide) in paragraph at lines 16--17
[]\OT1/cmr/bx/n/10 Tema scuro: \OT1/cmr/m/n/10 per-me-tte di at-ti-vare o dis-at-ti-vare il tema scuro dell'applicazione. 
 []

) (Ricerca Area sub.tex
<../../img/schermata_ricerca_area.png, id=145, 579.3645pt x 326.4195pt>
File: ../../img/schermata_ricerca_area.png Graphic file (type png)
<use ../../img/schermata_ricerca_area.png>
Package pdftex.def Info: ../../img/schermata_ricerca_area.png  used on input line 5.
(pdftex.def)             Requested size: 345.0pt x 194.37889pt.
File: ../../img/number page.png Graphic file (type png)
<use ../../img/number page.png>
Package pdftex.def Info: ../../img/number page.png  used on input line 7.
(pdftex.def)             Requested size: 42.6727pt x 42.67642pt.
 [3 <../../img/schermata_home.png>]
<../../img/scelta_città.png, id=154, 384.2355pt x 143.3355pt>
File: ../../img/scelta_città.png Graphic file (type png)
<use ../../img/scelta_città.png>
Package pdftex.def Info: ../../img/scelta_città.png  used on input line 20.
(pdftex.def)             Requested size: 345.0pt x 128.70328pt.
) (Dati città sub.tex
File: ../../img/number page.png Graphic file (type png)
<use ../../img/number page.png>
Package pdftex.def Info: ../../img/number page.png  used on input line 1.
(pdftex.def)             Requested size: 42.6727pt x 42.67642pt.
 [4 <../../img/schermata_ricerca_area.png>]
<../../img/dati_città.png, id=160, 398.6895pt x 224.63925pt>
File: ../../img/dati_città.png Graphic file (type png)
<use ../../img/dati_città.png>
Package pdftex.def Info: ../../img/dati_città.png  used on input line 6.
(pdftex.def)             Requested size: 345.0pt x 194.38567pt.
File: ../../img/number page.png Graphic file (type png)
<use ../../img/number page.png>
Package pdftex.def Info: ../../img/number page.png  used on input line 18.
(pdftex.def)             Requested size: 42.6727pt x 42.67642pt.
 [5 <../../img/scelta_città.png> <../../img/dati_città.png>]
<../../img/esempio_legenda.png, id=168, 179.4705pt x 127.07475pt>
File: ../../img/esempio_legenda.png Graphic file (type png)
<use ../../img/esempio_legenda.png>
Package pdftex.def Info: ../../img/esempio_legenda.png  used on input line 24.
(pdftex.def)             Requested size: 241.49895pt x 170.99475pt.
<../../img/esempio_commenti.png, id=169, 166.221pt x 151.16475pt>
File: ../../img/esempio_commenti.png Graphic file (type png)
<use ../../img/esempio_commenti.png>
Package pdftex.def Info: ../../img/esempio_commenti.png  used on input line 31.
(pdftex.def)             Requested size: 241.49895pt x 219.62611pt.
) (Area Operatore sub.tex
File: ../../img/number page.png Graphic file (type png)
<use ../../img/number page.png>
Package pdftex.def Info: ../../img/number page.png  used on input line 1.
(pdftex.def)             Requested size: 42.6727pt x 42.67642pt.
 [6 <../../img/esempio_legenda.png>]
<../../img/schermata_area_operatore.png, id=176, 508.90125pt x 272.217pt>
File: ../../img/schermata_area_operatore.png Graphic file (type png)
<use ../../img/schermata_area_operatore.png>
Package pdftex.def Info: ../../img/schermata_area_operatore.png  used on input line 5.
(pdftex.def)             Requested size: 345.0pt x 184.55264pt.
<../../img/schermata_registrazione.png, id=177, 539.616pt x 289.08pt>
File: ../../img/schermata_registrazione.png Graphic file (type png)
<use ../../img/schermata_registrazione.png>
Package pdftex.def Info: ../../img/schermata_registrazione.png  used on input line 12.
(pdftex.def)             Requested size: 345.0pt x 184.8253pt.
File: ../../img/number page.png Graphic file (type png)
<use ../../img/number page.png>
Package pdftex.def Info: ../../img/number page.png  used on input line 15.
(pdftex.def)             Requested size: 42.6727pt x 42.67642pt.
 [7 <../../img/esempio_commenti.png> <../../img/schermata_area_operatore.png>]
<../../img/schermata_login.png, id=184, 1156.32pt x 614.295pt>
File: ../../img/schermata_login.png Graphic file (type png)
<use ../../img/schermata_login.png>
Package pdftex.def Info: ../../img/schermata_login.png  used on input line 30.
(pdftex.def)             Requested size: 345.0pt x 183.27759pt.

Overfull \hbox (0.2783pt too wide) in paragraph at lines 27--32
[]\OT1/cmr/m/n/10 Dopo aver ef-fet-tuato la reg-is-trazione, ^^Re pos-si-bile ef-fet-tuare l'accesso in-serendo
 []

File: ../../img/number page.png Graphic file (type png)
<use ../../img/number page.png>
Package pdftex.def Info: ../../img/number page.png  used on input line 33.
(pdftex.def)             Requested size: 42.6727pt x 42.67642pt.
[8 <../../img/schermata_registrazione.png>]
<../../img/finestra_centro.png, id=190, 413.74574pt x 105.996pt>
File: ../../img/finestra_centro.png Graphic file (type png)
<use ../../img/finestra_centro.png>
Package pdftex.def Info: ../../img/finestra_centro.png  used on input line 37.
(pdftex.def)             Requested size: 345.0pt x 88.38907pt.
<../../img/seleziona_centro.png, id=191, 368.577pt x 115.632pt>
File: ../../img/seleziona_centro.png Graphic file (type png)
<use ../../img/seleziona_centro.png>
Package pdftex.def Info: ../../img/seleziona_centro.png  used on input line 44.
(pdftex.def)             Requested size: 345.0pt x 108.23888pt.
<../../img/schermata_creazione_centro.png, id=192, 537.207pt x 281.25075pt>
File: ../../img/schermata_creazione_centro.png Graphic file (type png)
<use ../../img/schermata_creazione_centro.png>
Package pdftex.def Info: ../../img/schermata_creazione_centro.png  used on input line 52.
(pdftex.def)             Requested size: 345.0pt x 180.62642pt.
File: ../../img/number page.png Graphic file (type png)
<use ../../img/number page.png>
Package pdftex.def Info: ../../img/number page.png  used on input line 54.
(pdftex.def)             Requested size: 42.6727pt x 42.67642pt.
 [9 <../../img/schermata_login.png> <../../img/finestra_centro.png> <../../img/seleziona_centro.png>]
File: ../../img/scelta_città.png Graphic file (type png)
<use ../../img/scelta_città.png>
Package pdftex.def Info: ../../img/scelta_città.png  used on input line 61.
(pdftex.def)             Requested size: 345.0pt x 128.70328pt.
<../../img/esempio_città_associata.png, id=200, 266.79675pt x 106.59825pt>
File: ../../img/esempio_città_associata.png Graphic file (type png)
<use ../../img/esempio_città_associata.png>
Package pdftex.def Info: ../../img/esempio_città_associata.png  used on input line 68.
(pdftex.def)             Requested size: 241.49895pt x 96.49542pt.
File: ../../img/number page.png Graphic file (type png)
<use ../../img/number page.png>
Package pdftex.def Info: ../../img/number page.png  used on input line 71.
(pdftex.def)             Requested size: 42.6727pt x 42.67642pt.
 [10 <../../img/schermata_creazione_centro.png>]
<../../img/esempio_città_eliminata.png, id=206, 536.60475pt x 105.996pt>
File: ../../img/esempio_città_eliminata.png Graphic file (type png)
<use ../../img/esempio_città_eliminata.png>
Package pdftex.def Info: ../../img/esempio_città_eliminata.png  used on input line 76.
(pdftex.def)             Requested size: 345.0pt x 68.14934pt.
) (Inserimento dati climatici sub.tex
Underfull \hbox (badness 10000) in paragraph at lines 80--1

 []


Underfull \hbox (badness 10000) in paragraph at lines 2--3

 []

<../../img/schermata_inserimento_dati.png, id=207, 847.968pt x 452.892pt>
File: ../../img/schermata_inserimento_dati.png Graphic file (type png)
<use ../../img/schermata_inserimento_dati.png>
Package pdftex.def Info: ../../img/schermata_inserimento_dati.png  used on input line 6.
(pdftex.def)             Requested size: 345.0pt x 184.26334pt.
File: ../../img/number page.png Graphic file (type png)
<use ../../img/number page.png>
Package pdftex.def Info: ../../img/number page.png  used on input line 9.
(pdftex.def)             Requested size: 42.6727pt x 42.67642pt.
[11 <../../img/esempio_città_associata.png> <../../img/esempio_città_eliminata.png>]
Underfull \hbox (badness 10000) in paragraph at lines 10--13

 []


Underfull \hbox (badness 10000) in paragraph at lines 14--17

 []

File: ../../img/esempio_legenda.png Graphic file (type png)
<use ../../img/esempio_legenda.png>
Package pdftex.def Info: ../../img/esempio_legenda.png  used on input line 20.
(pdftex.def)             Requested size: 241.49895pt x 170.99475pt.
File: ../../img/number page.png Graphic file (type png)
<use ../../img/number page.png>
Package pdftex.def Info: ../../img/number page.png  used on input line 27.
(pdftex.def)             Requested size: 42.6727pt x 42.67642pt.
[12 <../../img/schermata_inserimento_dati.png>]
<../../img/avviso_limite_caratteri.png, id=221, 236.082pt x 95.1555pt>
File: ../../img/avviso_limite_caratteri.png Graphic file (type png)
<use ../../img/avviso_limite_caratteri.png>
Package pdftex.def Info: ../../img/avviso_limite_caratteri.png  used on input line 30.
(pdftex.def)             Requested size: 241.49895pt x 97.33897pt.
) (Tema Scuro sub.tex
Underfull \hbox (badness 10000) in paragraph at lines 34--1

 []

<../../img/tema_scuro.png, id=223, 811.833pt x 434.8245pt>
File: ../../img/tema_scuro.png Graphic file (type png)
<use ../../img/tema_scuro.png>
Package pdftex.def Info: ../../img/tema_scuro.png  used on input line 5.
(pdftex.def)             Requested size: 345.0pt x 184.788pt.
) (Uscire dell'App.tex) (Legenda punteggi.tex
File: ../../img/number page.png Graphic file (type png)
<use ../../img/number page.png>
Package pdftex.def Info: ../../img/number page.png  used on input line 1.
(pdftex.def)             Requested size: 42.6727pt x 42.67642pt.
 [13 <../../img/avviso_limite_caratteri.png> <../../img/tema_scuro.png>]
<../../img/legenda_punteggi.png, id=230, 976.24725pt x 139.11975pt>
File: ../../img/legenda_punteggi.png Graphic file (type png)
<use ../../img/legenda_punteggi.png>
Package pdftex.def Info: ../../img/legenda_punteggi.png  used on input line 5.
(pdftex.def)             Requested size: 413.99895pt x 58.99667pt.

Overfull \hbox (68.99895pt too wide) in paragraph at lines 5--6
 [][] 
 []

))
File: ../../img/number page.png Graphic file (type png)
<use ../../img/number page.png>
Package pdftex.def Info: ../../img/number page.png  used on input line 56.
(pdftex.def)             Requested size: 42.6727pt x 42.67642pt.
 [14 <../../img/legenda_punteggi.png>] (Manuale Utente.aux)
 ***********
LaTeX2e <2023-11-01> patch level 1
L3 programming layer <2024-01-22>
 ***********
Package rerunfilecheck Info: File `"Manuale Utente".out' has not changed.
(rerunfilecheck)             Checksum: 3DC0935999A0844C67D8CF5D423F9A62;1952.
 ) 
Here is how much of TeX's memory you used:
 19827 strings out of 474542
 385442 string characters out of 5743975
 1937978 words of memory out of 5000000
 41648 multiletter control sequences out of 15000+600000
 561389 words of font info for 47 fonts, out of 8000000 for 9000
 1141 hyphenation exceptions out of 8191
 99i,15n,101p,557b,1217s stack positions out of 10000i,1000n,20000p,200000b,200000s
 <C:\Users\utente\AppData\Local\MiKTeX\fonts/pk/ljfour/jknappen/ec/dpi600\tcrm1000.pk><C:/Users/utente/AppData/Local/Programs/MiKTeX/fonts/type1/public/amsfonts/cm/cmbx10.pfb><C:/Users/utente/AppData/Local/Programs/MiKTeX/fonts/type1/public/amsfonts/cm/cmbx12.pfb><C:/Users/utente/AppData/Local/Programs/MiKTeX/fonts/type1/public/amsfonts/cm/cmmi10.pfb><C:/Users/utente/AppData/Local/Programs/MiKTeX/fonts/type1/public/amsfonts/cm/cmr10.pfb><C:/Users/utente/AppData/Local/Programs/MiKTeX/fonts/type1/public/amsfonts/cm/cmr12.pfb><C:/Users/utente/AppData/Local/Programs/MiKTeX/fonts/type1/public/amsfonts/cm/cmti10.pfb><C:/Users/utente/AppData/Local/Programs/MiKTeX/fonts/type1/public/amsfonts/cm/cmti12.pfb><C:/Users/utente/AppData/Local/Programs/MiKTeX/fonts/type1/public/amsfonts/cm/cmtt10.pfb>
Output written on "Manuale Utente.pdf" (15 pages, 4743838 bytes).
PDF statistics:
 288 PDF objects out of 1000 (max. 8388607)
 54 named destinations out of 1000 (max. 500000)
 225 words of extra memory for PDF output out of 10000 (max. 10000000)

