\BOOKMARK [1][-]{section.1}{\376\377\000I\000n\000t\000r\000o\000d\000u\000z\000i\000o\000n\000e}{}% 1
\BOOKMARK [1][-]{section.2}{\376\377\000P\000r\000o\000g\000e\000t\000t\000a\000z\000i\000o\000n\000e}{}% 2
\BOOKMARK [1][-]{section.3}{\376\377\000S\000t\000r\000u\000t\000t\000u\000r\000a\000\040\000G\000e\000n\000e\000r\000a\000l\000e\000\040\000d\000e\000l\000l\000'\000A\000p\000p\000l\000i\000c\000a\000z\000i\000o\000n\000e}{}% 3
\BOOKMARK [1][-]{section.4}{\376\377\000P\000a\000c\000k\000a\000g\000e\000\040\000s\000e\000r\000v\000e\000r}{}% 4
\BOOKMARK [2][-]{subsection.4.1}{\376\377\000S\000e\000r\000v\000e\000r}{section.4}% 5
\BOOKMARK [2][-]{subsection.4.2}{\376\377\000D\000a\000t\000a\000B\000a\000s\000e\000M\000a\000n\000a\000g\000e\000r}{section.4}% 6
\BOOKMARK [2][-]{subsection.4.3}{\376\377\000P\000a\000c\000k\000a\000g\000e\000\040\000i\000m\000p\000l\000e\000m\000e\000n\000t\000a\000t\000i\000o\000n\000R\000M\000I}{section.4}% 7
\BOOKMARK [3][-]{subsubsection.4.3.1}{\376\377\000D\000a\000t\000a\000H\000a\000n\000d\000l\000e\000r\000I\000m\000p}{subsection.4.3}% 8
\BOOKMARK [3][-]{subsubsection.4.3.2}{\376\377\000D\000a\000t\000a\000Q\000u\000e\000r\000y\000I\000m\000p}{subsection.4.3}% 9
\BOOKMARK [3][-]{subsubsection.4.3.3}{\376\377\000L\000o\000g\000i\000c\000C\000e\000n\000t\000e\000r\000I\000m\000p}{subsection.4.3}% 10
\BOOKMARK [3][-]{subsubsection.4.3.4}{\376\377\000L\000o\000g\000i\000c\000C\000i\000t\000y\000I\000m\000p}{subsection.4.3}% 11
\BOOKMARK [3][-]{subsubsection.4.3.5}{\376\377\000L\000o\000g\000i\000c\000O\000p\000e\000r\000a\000t\000o\000r\000I\000m\000p}{subsection.4.3}% 12
\BOOKMARK [1][-]{section.5}{\376\377\000P\000a\000c\000k\000a\000g\000e\000\040\000s\000h\000a\000r\000e\000d}{}% 13
\BOOKMARK [2][-]{subsection.5.1}{\376\377\000P\000a\000c\000k\000a\000g\000e\000\040\000i\000n\000t\000e\000r\000f\000a\000c\000e\000s\000R\000M\000I}{section.5}% 14
\BOOKMARK [3][-]{subsubsection.5.1.1}{\376\377\000D\000a\000t\000a\000H\000a\000n\000d\000l\000e\000r\000I\000n\000t\000e\000r\000f\000a\000c\000e}{subsection.5.1}% 15
\BOOKMARK [3][-]{subsubsection.5.1.2}{\376\377\000D\000a\000t\000a\000Q\000u\000e\000r\000y\000I\000n\000t\000e\000r\000f\000a\000c\000e}{subsection.5.1}% 16
\BOOKMARK [3][-]{subsubsection.5.1.3}{\376\377\000L\000o\000g\000i\000c\000C\000e\000n\000t\000e\000r\000I\000n\000t\000e\000r\000f\000a\000c\000e}{subsection.5.1}% 17
\BOOKMARK [3][-]{subsubsection.5.1.4}{\376\377\000L\000o\000g\000i\000c\000C\000i\000t\000y\000I\000n\000t\000e\000r\000f\000a\000c\000e}{subsection.5.1}% 18
\BOOKMARK [3][-]{subsubsection.5.1.5}{\376\377\000L\000o\000g\000i\000c\000O\000p\000e\000r\000a\000t\000o\000r\000I\000n\000t\000e\000r\000f\000a\000c\000e}{subsection.5.1}% 19
\BOOKMARK [2][-]{subsection.5.2}{\376\377\000P\000a\000c\000k\000a\000g\000e\000\040\000r\000e\000c\000o\000r\000d}{section.5}% 20
\BOOKMARK [3][-]{subsubsection.5.2.1}{\376\377\000Q\000u\000e\000r\000y\000C\000o\000n\000d\000i\000t\000i\000o\000n}{subsection.5.2}% 21
\BOOKMARK [3][-]{subsubsection.5.2.2}{\376\377\000R\000e\000c\000o\000r\000d\000C\000e\000n\000t\000e\000r}{subsection.5.2}% 22
\BOOKMARK [3][-]{subsubsection.5.2.3}{\376\377\000R\000e\000c\000o\000r\000d\000C\000i\000t\000y}{subsection.5.2}% 23
\BOOKMARK [3][-]{subsubsection.5.2.4}{\376\377\000R\000e\000c\000o\000r\000d\000O\000p\000e\000r\000a\000t\000o\000r}{subsection.5.2}% 24
\BOOKMARK [3][-]{subsubsection.5.2.5}{\376\377\000R\000e\000c\000o\000r\000d\000W\000e\000a\000t\000h\000e\000r}{subsection.5.2}% 25
\BOOKMARK [2][-]{subsection.5.3}{\376\377\000P\000a\000c\000k\000a\000g\000e\000\040\000u\000t\000i\000l\000s}{section.5}% 26
\BOOKMARK [3][-]{subsubsection.5.3.1}{\376\377\000C\000o\000n\000s\000t\000a\000n\000t\000s}{subsection.5.3}% 27
\BOOKMARK [3][-]{subsubsection.5.3.2}{\376\377\000F\000u\000n\000c\000t\000i\000o\000n\000s}{subsection.5.3}% 28
\BOOKMARK [3][-]{subsubsection.5.3.3}{\376\377\000I\000n\000t\000e\000r\000f\000a\000c\000e\000s}{subsection.5.3}% 29
\BOOKMARK [1][-]{section.6}{\376\377\000P\000a\000t\000t\000e\000r\000n\000\040\000u\000t\000i\000l\000i\000z\000z\000a\000t\000i}{}% 30
